[35m[Appium][39m Welcome to Appium v1.21.0
[35m[Appium][39m Non-default server args:
[35m[Appium][39m   port: 52473
[35m[Appium][39m   loglevel: info
[35m[Appium][39m   tmpDir: /var/folders/cw/hw6dhd7x1xn_vcx0twkyl769lk3hsp/T//Katalon/Appium/Temp1631264652930
[35m[Appium][39m   webkitDebugProxyPort: 52469
[35m[Appium][39m   chromedriverPort: 52474
[35m[Appium][39m Deprecated server args:
[35m[Appium][39m   [31m--chromedriver-port[39m => --default-capabilities
[35m[Appium][39m Default capabilities, which will be added to each request unless overridden by desired capabilities:
[35m[Appium][39m   chromedriverPort: 52474
[35m[Appium][39m Appium REST http interface listener started on 0.0.0.0:52473
[35m[HTTP][39m [37m-->[39m [37mGET[39m [37m/wd/hub/status[39m
[35m[HTTP][39m [90m{}[39m
[35m[HTTP][39m [37m<-- GET /wd/hub/status [39m[32m200[39m [90m5 ms - 68[39m
[35m[HTTP][39m [90m[39m
[35m[HTTP][39m [37m-->[39m [37mPOST[39m [37m/wd/hub/session[39m
[35m[HTTP][39m [90m{"desiredCapabilities":{"app":"/Users/loantran/Documents/mobile-samples-iOS/Apps/iOS/iPhone/DragAndDrop-simulator-iPhone12-ios14.5.app","noReset":true,"deviceName":"iPhone 12","fullReset":false,"platform":"IOS","wdaLocalPort":52468,"newCommandTimeout":1800,"realDeviceLogger":"/Users/loantran/Documents/Katalon/Tools/7.9.1/Katalon Studio.app/Contents/Eclipse/configuration/resources/tools/deviceconsole","platformVersion":"14.5","automationName":"XCUITest","waitForAppScript":"true;","platformName":"iOS"},"capabilities":{"firstMatch":[{"appium:app":"/Users/loantran/Documents/mobile-samples-iOS/Apps/iOS/iPhone/DragAndDrop-simulator-iPhone12-ios14.5.app","appium:automationName":"XCUITest","appium:deviceName":"iPhone 12","appium:fullReset":false,"appium:newCommandTimeout":1800,"appium:noReset":true,"platform":"IOS","platformName":"ios","appium:platformVersion":"14.5","realDeviceLogger":"/Users/loantran/Documents/Katalon/Tools/7.9.1/Katalon Studio.app/Contents/Eclipse/configuration/resources/tools/deviceconsole","a...[39m
[35m[BaseDriver][39m The following capabilities are not standard capabilities and should have an extension prefix:
[35m[BaseDriver][39m   platform
[35m[BaseDriver][39m   realDeviceLogger
[35m[BaseDriver][39m   chromedriverPort
[35m[Appium][39m Appium v1.21.0 creating new XCUITestDriver (v3.43.0) session
[35m[BaseDriver][39m The following capabilities were provided, but are not recognized by Appium:
[35m[BaseDriver][39m   platform
[35m[BaseDriver][39m   chromedriverPort
[35m[BaseDriver][39m Session created with session id: 08868851-ca1d-4f63-8818-6571927ac985
[35m[XCUITest][39m iOS SDK Version set to '14.5'
[35m[iOSSim][39m Constructing iOS simulator for Xcode version 12.5.1 with udid 'B78A79C3-87FF-4780-856F-33BBE8954E1D'
[35m[XCUITest][39m Determining device to run tests on: udid: 'B78A79C3-87FF-4780-856F-33BBE8954E1D', real device: false
[35m[BaseDriver][39m Using local app '/Users/loantran/Documents/mobile-samples-iOS/Apps/iOS/iPhone/DragAndDrop-simulator-iPhone12-ios14.5.app'
[35m[WebDriverAgent][39m Using WDA path: '/Users/loantran/.nvm/versions/node/v14.17.5/lib/node_modules/appium/node_modules/appium-webdriveragent'
[35m[WebDriverAgent][39m Using WDA agent: '/Users/loantran/.nvm/versions/node/v14.17.5/lib/node_modules/appium/node_modules/appium-webdriveragent/WebDriverAgent.xcodeproj'
[35m[XCUITest][39m Setting up simulator
[35m[iOSSim][39m Both Simulator with UDID 'B78A79C3-87FF-4780-856F-33BBE8954E1D' and the UI client are currently running
[35m[DevCon Factory][39m Requesting connection for device B78A79C3-87FF-4780-856F-33BBE8954E1D on local port 52468
[35m[DevCon Factory][39m Successfully requested the connection for B78A79C3-87FF-4780-856F-33BBE8954E1D:52468
[35m[WD Proxy][39m connect ECONNREFUSED 127.0.0.1:52468
[35m[WebDriverAgent][39m Launching WebDriverAgent on the device
[35m[WebDriverAgent][39m WebDriverAgent does not need a cleanup. The sources are up to date (1630299194577 >= 1630299194577)
[35m[WD Proxy][39m connect ECONNREFUSED 127.0.0.1:52468
[35m[WD Proxy][39m connect ECONNREFUSED 127.0.0.1:52468
[35m[WD Proxy][39m connect ECONNREFUSED 127.0.0.1:52468
[35m[WD Proxy][39m connect ECONNREFUSED 127.0.0.1:52468
[35m[WD Proxy][39m connect ECONNREFUSED 127.0.0.1:52468
[35m[WD Proxy][39m Determined the downstream protocol as 'W3C'
[35m[XCUITest][39m Skipping setting of the initial display orientation. Set the "orientation" capability to either "LANDSCAPE" or "PORTRAIT", if this is an undesired behavior.
[35m[Appium][39m New XCUITestDriver session created successfully, session 08868851-ca1d-4f63-8818-6571927ac985 added to master session list
[35m[HTTP][39m [37m<-- POST /wd/hub/session [39m[32m200[39m [90m11499 ms - 810[39m
[35m[HTTP][39m [90m[39m
[35m[HTTP][39m [37m-->[39m [37mGET[39m [37m/wd/hub/session/08868851-ca1d-4f63-8818-6571927ac985[39m
[35m[HTTP][39m [90m{}[39m
[35m[XCUITest][39m Merging WDA caps over Appium caps for session detail response
[35m[HTTP][39m [37m<-- GET /wd/hub/session/08868851-ca1d-4f63-8818-6571927ac985 [39m[32m200[39m [90m264 ms - 778[39m
[35m[HTTP][39m [90m[39m
[35m[HTTP][39m [37m-->[39m [37mGET[39m [37m/wd/hub/session/08868851-ca1d-4f63-8818-6571927ac985[39m
[35m[HTTP][39m [90m{}[39m
[35m[XCUITest][39m Merging WDA caps over Appium caps for session detail response
[35m[HTTP][39m [37m<-- GET /wd/hub/session/08868851-ca1d-4f63-8818-6571927ac985 [39m[32m200[39m [90m2 ms - 778[39m
[35m[HTTP][39m [90m[39m
[35m[HTTP][39m [37m-->[39m [37mGET[39m [37m/wd/hub/status[39m
[35m[HTTP][39m [90m{}[39m
[35m[HTTP][39m [37m<-- GET /wd/hub/status [39m[32m200[39m [90m1 ms - 68[39m
[35m[HTTP][39m [90m[39m
[35m[HTTP][39m [37m-->[39m [37mPOST[39m [37m/wd/hub/session/08868851-ca1d-4f63-8818-6571927ac985/timeouts[39m
[35m[HTTP][39m [90m{"implicit":30000}[39m
[35m[HTTP][39m [37m<-- POST /wd/hub/session/08868851-ca1d-4f63-8818-6571927ac985/timeouts [39m[32m200[39m [90m2 ms - 14[39m
[35m[HTTP][39m [90m[39m
[35m[HTTP][39m [37m-->[39m [37mGET[39m [37m/wd/hub/session/08868851-ca1d-4f63-8818-6571927ac985/screenshot[39m
[35m[HTTP][39m [90m{}[39m
[35m[HTTP][39m [37m<-- GET /wd/hub/session/08868851-ca1d-4f63-8818-6571927ac985/screenshot [39m[32m200[39m [90m216 ms - 420800[39m
[35m[HTTP][39m [90m[39m
[35m[HTTP][39m [37m-->[39m [37mGET[39m [37m/wd/hub/session/08868851-ca1d-4f63-8818-6571927ac985/window/rect[39m
[35m[HTTP][39m [90m{}[39m
[35m[HTTP][39m [37m<-- GET /wd/hub/session/08868851-ca1d-4f63-8818-6571927ac985/window/rect [39m[32m200[39m [90m60 ms - 48[39m
[35m[HTTP][39m [90m[39m
[35m[HTTP][39m [37m-->[39m [37mGET[39m [37m/wd/hub/session/08868851-ca1d-4f63-8818-6571927ac985/screenshot[39m
[35m[HTTP][39m [90m{}[39m
[35m[HTTP][39m [37m<-- GET /wd/hub/session/08868851-ca1d-4f63-8818-6571927ac985/screenshot [39m[32m200[39m [90m132 ms - 420800[39m
[35m[HTTP][39m [90m[39m
[35m[HTTP][39m [37m-->[39m [37mPOST[39m [37m/wd/hub/session/08868851-ca1d-4f63-8818-6571927ac985/execute/sync[39m
[35m[HTTP][39m [90m{"script":"mobile: viewportScreenshot","args":[]}[39m
[35m[HTTP][39m [37m<-- POST /wd/hub/session/08868851-ca1d-4f63-8818-6571927ac985/execute/sync [39m[32m200[39m [90m1038 ms - 387540[39m
[35m[HTTP][39m [90m[39m
[35m[HTTP][39m [37m-->[39m [37mPOST[39m [37m/wd/hub/session/08868851-ca1d-4f63-8818-6571927ac985/timeouts[39m
[35m[HTTP][39m [90m{"implicit":50}[39m
[35m[HTTP][39m [37m<-- POST /wd/hub/session/08868851-ca1d-4f63-8818-6571927ac985/timeouts [39m[32m200[39m [90m2 ms - 14[39m
[35m[HTTP][39m [90m[39m
[35m[HTTP][39m [37m-->[39m [37mGET[39m [37m/wd/hub/session/08868851-ca1d-4f63-8818-6571927ac985/window/rect[39m
[35m[HTTP][39m [90m{}[39m
[35m[HTTP][39m [37m<-- GET /wd/hub/session/08868851-ca1d-4f63-8818-6571927ac985/window/rect [39m[32m200[39m [90m93 ms - 48[39m
[35m[HTTP][39m [90m[39m
[35m[HTTP][39m [37m-->[39m [37mPOST[39m [37m/wd/hub/session/08868851-ca1d-4f63-8818-6571927ac985/elements[39m
[35m[HTTP][39m [90m{"using":"xpath","value":"//*[@type = 'XCUIElementTypeStaticText' and @label = 'Add' and @name = 'Add']"}[39m
[35m[HTTP][39m [37m<-- POST /wd/hub/session/08868851-ca1d-4f63-8818-6571927ac985/elements [39m[32m200[39m [90m1547 ms - 267[39m
[35m[HTTP][39m [90m[39m
[35m[HTTP][39m [37m-->[39m [37mGET[39m [37m/wd/hub/session/08868851-ca1d-4f63-8818-6571927ac985/element/28000000-0000-0000-CF19-010000000000/location[39m
[35m[HTTP][39m [90m{}[39m
[35m[HTTP][39m [37m<-- GET /wd/hub/session/08868851-ca1d-4f63-8818-6571927ac985/element/28000000-0000-0000-CF19-010000000000/location [39m[32m200[39m [90m60 ms - 27[39m
[35m[HTTP][39m [90m[39m
[35m[HTTP][39m [37m-->[39m [37mPOST[39m [37m/wd/hub/session/08868851-ca1d-4f63-8818-6571927ac985/timeouts[39m
[35m[HTTP][39m [90m{"implicit":30000}[39m
[35m[HTTP][39m [37m<-- POST /wd/hub/session/08868851-ca1d-4f63-8818-6571927ac985/timeouts [39m[32m200[39m [90m1 ms - 14[39m
[35m[HTTP][39m [90m[39m
[35m[HTTP][39m [37m-->[39m [37mPOST[39m [37m/wd/hub/session/08868851-ca1d-4f63-8818-6571927ac985/appium/app/reset[39m
[35m[HTTP][39m [90m{}[39m
[35m[XCUITest][39m Not scrubbing third party app in anticipation of uninstall
[35m[DevCon Factory][39m Releasing connections for B78A79C3-87FF-4780-856F-33BBE8954E1D device on any port number
[35m[DevCon Factory][39m Found cached connections to release: ["B78A79C3-87FF-4780-856F-33BBE8954E1D:52468"]
[35m[BaseDriver][39m The following capabilities are not standard capabilities and should have an extension prefix:
[35m[BaseDriver][39m   platform
[35m[BaseDriver][39m   realDeviceLogger
[35m[BaseDriver][39m   chromedriverPort
[35m[BaseDriver][39m   app
[35m[BaseDriver][39m   automationName
[35m[BaseDriver][39m   deviceName
[35m[BaseDriver][39m   fullReset
[35m[BaseDriver][39m   newCommandTimeout
[35m[BaseDriver][39m   noReset
[35m[BaseDriver][39m   platformVersion
[35m[BaseDriver][39m   waitForAppScript
[35m[BaseDriver][39m   wdaLocalPort
[35m[BaseDriver][39m The following capabilities were provided, but are not recognized by Appium:
[35m[BaseDriver][39m   platform
[35m[BaseDriver][39m   chromedriverPort
[35m[BaseDriver][39m Session created with session id: cb5ea279-f2d7-4bbf-96ab-4641f6e77467
[35m[XCUITest][39m iOS SDK Version set to '14.5'
[35m[iOSSim][39m Constructing iOS simulator for Xcode version 12.5.1 with udid 'B78A79C3-87FF-4780-856F-33BBE8954E1D'
[35m[XCUITest][39m Determining device to run tests on: udid: 'B78A79C3-87FF-4780-856F-33BBE8954E1D', real device: false
[35m[BaseDriver][39m Using local app '/Users/loantran/Documents/mobile-samples-iOS/Apps/iOS/iPhone/DragAndDrop-simulator-iPhone12-ios14.5.app'
[35m[WebDriverAgent][39m Using WDA path: '/Users/loantran/.nvm/versions/node/v14.17.5/lib/node_modules/appium/node_modules/appium-webdriveragent'
[35m[WebDriverAgent][39m Using WDA agent: '/Users/loantran/.nvm/versions/node/v14.17.5/lib/node_modules/appium/node_modules/appium-webdriveragent/WebDriverAgent.xcodeproj'
[35m[XCUITest][39m Setting up simulator
[35m[iOSSim][39m Both Simulator with UDID 'B78A79C3-87FF-4780-856F-33BBE8954E1D' and the UI client are currently running
[35m[DevCon Factory][39m Requesting connection for device B78A79C3-87FF-4780-856F-33BBE8954E1D on local port 52468
[35m[DevCon Factory][39m Successfully requested the connection for B78A79C3-87FF-4780-856F-33BBE8954E1D:52468
[35m[WebDriverAgent][39m Will reuse previously cached WDA instance at 'http://127.0.0.1:52468/' with 'com.facebook.WebDriverAgentRunner'. Set the wdaLocalPort capability to a value different from 52468 if this is an undesired behavior.
[35m[WebDriverAgent][39m Using provided WebdriverAgent at 'http://127.0.0.1:52468/'
[35m[WD Proxy][39m Determined the downstream protocol as 'W3C'
[35m[XCUITest][39m Skipping setting of the initial display orientation. Set the "orientation" capability to either "LANDSCAPE" or "PORTRAIT", if this is an undesired behavior.
[35m[HTTP][39m [37m<-- POST /wd/hub/session/08868851-ca1d-4f63-8818-6571927ac985/appium/app/reset [39m[32m200[39m [90m5960 ms - 14[39m
[35m[HTTP][39m [90m[39m
[35m[HTTP][39m [37m-->[39m [37mPOST[39m [37m/wd/hub/session/08868851-ca1d-4f63-8818-6571927ac985/appium/app/reset[39m
[35m[HTTP][39m [90m{}[39m
[35m[XCUITest][39m Not scrubbing third party app in anticipation of uninstall
[35m[DevCon Factory][39m Releasing connections for B78A79C3-87FF-4780-856F-33BBE8954E1D device on any port number
[35m[DevCon Factory][39m Found cached connections to release: ["B78A79C3-87FF-4780-856F-33BBE8954E1D:52468"]
[35m[BaseDriver][39m The following capabilities are not standard capabilities and should have an extension prefix:
[35m[BaseDriver][39m   platform
[35m[BaseDriver][39m   realDeviceLogger
[35m[BaseDriver][39m   chromedriverPort
[35m[BaseDriver][39m   app
[35m[BaseDriver][39m   automationName
[35m[BaseDriver][39m   deviceName
[35m[BaseDriver][39m   fullReset
[35m[BaseDriver][39m   newCommandTimeout
[35m[BaseDriver][39m   noReset
[35m[BaseDriver][39m   platformVersion
[35m[BaseDriver][39m   waitForAppScript
[35m[BaseDriver][39m   wdaLocalPort
[35m[BaseDriver][39m The following capabilities were provided, but are not recognized by Appium:
[35m[BaseDriver][39m   platform
[35m[BaseDriver][39m   chromedriverPort
[35m[BaseDriver][39m Session created with session id: f1387008-0c36-4338-863b-24c380ce1b5e
[35m[XCUITest][39m iOS SDK Version set to '14.5'
[35m[iOSSim][39m Constructing iOS simulator for Xcode version 12.5.1 with udid 'B78A79C3-87FF-4780-856F-33BBE8954E1D'
[35m[XCUITest][39m Determining device to run tests on: udid: 'B78A79C3-87FF-4780-856F-33BBE8954E1D', real device: false
[35m[BaseDriver][39m Using local app '/Users/loantran/Documents/mobile-samples-iOS/Apps/iOS/iPhone/DragAndDrop-simulator-iPhone12-ios14.5.app'
[35m[WebDriverAgent][39m Using WDA path: '/Users/loantran/.nvm/versions/node/v14.17.5/lib/node_modules/appium/node_modules/appium-webdriveragent'
[35m[WebDriverAgent][39m Using WDA agent: '/Users/loantran/.nvm/versions/node/v14.17.5/lib/node_modules/appium/node_modules/appium-webdriveragent/WebDriverAgent.xcodeproj'
[35m[XCUITest][39m Setting up simulator
[35m[iOSSim][39m Both Simulator with UDID 'B78A79C3-87FF-4780-856F-33BBE8954E1D' and the UI client are currently running
[35m[DevCon Factory][39m Requesting connection for device B78A79C3-87FF-4780-856F-33BBE8954E1D on local port 52468
[35m[DevCon Factory][39m Successfully requested the connection for B78A79C3-87FF-4780-856F-33BBE8954E1D:52468
[35m[WebDriverAgent][39m Will reuse previously cached WDA instance at 'http://127.0.0.1:52468/' with 'com.facebook.WebDriverAgentRunner'. Set the wdaLocalPort capability to a value different from 52468 if this is an undesired behavior.
[35m[WebDriverAgent][39m Using provided WebdriverAgent at 'http://127.0.0.1:52468/'
[35m[WD Proxy][39m Determined the downstream protocol as 'W3C'
[35m[XCUITest][39m Skipping setting of the initial display orientation. Set the "orientation" capability to either "LANDSCAPE" or "PORTRAIT", if this is an undesired behavior.
[35m[HTTP][39m [37m<-- POST /wd/hub/session/08868851-ca1d-4f63-8818-6571927ac985/appium/app/reset [39m[32m200[39m [90m5535 ms - 14[39m
[35m[HTTP][39m [90m[39m
[35m[HTTP][39m [37m-->[39m [37mPOST[39m [37m/wd/hub/session/08868851-ca1d-4f63-8818-6571927ac985/timeouts[39m
[35m[HTTP][39m [90m{"implicit":50}[39m
[35m[HTTP][39m [37m<-- POST /wd/hub/session/08868851-ca1d-4f63-8818-6571927ac985/timeouts [39m[32m200[39m [90m2 ms - 14[39m
[35m[HTTP][39m [90m[39m
[35m[HTTP][39m [37m-->[39m [37mGET[39m [37m/wd/hub/session/08868851-ca1d-4f63-8818-6571927ac985/window/rect[39m
[35m[HTTP][39m [90m{}[39m
[35m[HTTP][39m [37m<-- GET /wd/hub/session/08868851-ca1d-4f63-8818-6571927ac985/window/rect [39m[32m200[39m [90m75 ms - 48[39m
[35m[HTTP][39m [90m[39m
[35m[HTTP][39m [37m-->[39m [37mPOST[39m [37m/wd/hub/session/08868851-ca1d-4f63-8818-6571927ac985/elements[39m
[35m[HTTP][39m [90m{"using":"xpath","value":"//*[@type = 'XCUIElementTypeStaticText' and @label = 'Add' and @name = 'Add']"}[39m
[35m[HTTP][39m [37m<-- POST /wd/hub/session/08868851-ca1d-4f63-8818-6571927ac985/elements [39m[32m200[39m [90m1264 ms - 267[39m
[35m[HTTP][39m [90m[39m
[35m[HTTP][39m [37m-->[39m [37mGET[39m [37m/wd/hub/session/08868851-ca1d-4f63-8818-6571927ac985/element/28000000-0000-0000-2B1A-010000000000/location[39m
[35m[HTTP][39m [90m{}[39m
[35m[HTTP][39m [37m<-- GET /wd/hub/session/08868851-ca1d-4f63-8818-6571927ac985/element/28000000-0000-0000-2B1A-010000000000/location [39m[32m200[39m [90m60 ms - 27[39m
[35m[HTTP][39m [90m[39m
[35m[HTTP][39m [37m-->[39m [37mPOST[39m [37m/wd/hub/session/08868851-ca1d-4f63-8818-6571927ac985/timeouts[39m
[35m[HTTP][39m [90m{"implicit":30000}[39m
[35m[HTTP][39m [37m<-- POST /wd/hub/session/08868851-ca1d-4f63-8818-6571927ac985/timeouts [39m[32m200[39m [90m1 ms - 14[39m
[35m[HTTP][39m [90m[39m
[35m[HTTP][39m [37m-->[39m [37mPOST[39m [37m/wd/hub/session/08868851-ca1d-4f63-8818-6571927ac985/touch/perform[39m
[35m[HTTP][39m [90m{"actions":[{"action":"tap","options":{"x":1,"y":1,"element":"28000000-0000-0000-2B1A-010000000000"}},{"action":"release","options":{}}]}[39m
[35m[HTTP][39m [37m<-- POST /wd/hub/session/08868851-ca1d-4f63-8818-6571927ac985/touch/perform [39m[32m200[39m [90m265 ms - 14[39m
[35m[HTTP][39m [90m[39m
[35m[HTTP][39m [37m-->[39m [37mPOST[39m [37m/wd/hub/session/08868851-ca1d-4f63-8818-6571927ac985/timeouts[39m
[35m[HTTP][39m [90m{"implicit":50}[39m
[35m[HTTP][39m [37m<-- POST /wd/hub/session/08868851-ca1d-4f63-8818-6571927ac985/timeouts [39m[32m200[39m [90m1 ms - 14[39m
[35m[HTTP][39m [90m[39m
[35m[HTTP][39m [37m-->[39m [37mGET[39m [37m/wd/hub/session/08868851-ca1d-4f63-8818-6571927ac985/window/rect[39m
[35m[HTTP][39m [90m{}[39m
[35m[HTTP][39m [37m<-- GET /wd/hub/session/08868851-ca1d-4f63-8818-6571927ac985/window/rect [39m[32m200[39m [90m683 ms - 48[39m
[35m[HTTP][39m [90m[39m
[35m[HTTP][39m [37m-->[39m [37mPOST[39m [37m/wd/hub/session/08868851-ca1d-4f63-8818-6571927ac985/elements[39m
[35m[HTTP][39m [90m{"using":"xpath","value":"//*[@type = 'XCUIElementTypeStaticText' and @label = 'Add Item' and @name = 'Add Item']"}[39m
[35m[HTTP][39m [37m<-- POST /wd/hub/session/08868851-ca1d-4f63-8818-6571927ac985/elements [39m[32m200[39m [90m2802 ms - 139[39m
[35m[HTTP][39m [90m[39m
[35m[HTTP][39m [37m-->[39m [37mGET[39m [37m/wd/hub/session/08868851-ca1d-4f63-8818-6571927ac985/element/77000000-0000-0000-2B1A-010000000000/location[39m
[35m[HTTP][39m [90m{}[39m
[35m[HTTP][39m [37m<-- GET /wd/hub/session/08868851-ca1d-4f63-8818-6571927ac985/element/77000000-0000-0000-2B1A-010000000000/location [39m[32m200[39m [90m99 ms - 26[39m
[35m[HTTP][39m [90m[39m
[35m[HTTP][39m [37m-->[39m [37mPOST[39m [37m/wd/hub/session/08868851-ca1d-4f63-8818-6571927ac985/timeouts[39m
[35m[HTTP][39m [90m{"implicit":30000}[39m
[35m[HTTP][39m [37m<-- POST /wd/hub/session/08868851-ca1d-4f63-8818-6571927ac985/timeouts [39m[32m200[39m [90m1 ms - 14[39m
[35m[HTTP][39m [90m[39m
[35m[HTTP][39m [37m-->[39m [37mPOST[39m [37m/wd/hub/session/08868851-ca1d-4f63-8818-6571927ac985/appium/app/reset[39m
[35m[HTTP][39m [90m{}[39m
[35m[XCUITest][39m Not scrubbing third party app in anticipation of uninstall
[35m[DevCon Factory][39m Releasing connections for B78A79C3-87FF-4780-856F-33BBE8954E1D device on any port number
[35m[DevCon Factory][39m Found cached connections to release: ["B78A79C3-87FF-4780-856F-33BBE8954E1D:52468"]
[35m[BaseDriver][39m The following capabilities are not standard capabilities and should have an extension prefix:
[35m[BaseDriver][39m   platform
[35m[BaseDriver][39m   realDeviceLogger
[35m[BaseDriver][39m   chromedriverPort
[35m[BaseDriver][39m   app
[35m[BaseDriver][39m   automationName
[35m[BaseDriver][39m   deviceName
[35m[BaseDriver][39m   fullReset
[35m[BaseDriver][39m   newCommandTimeout
[35m[BaseDriver][39m   noReset
[35m[BaseDriver][39m   platformVersion
[35m[BaseDriver][39m   waitForAppScript
[35m[BaseDriver][39m   wdaLocalPort
[35m[BaseDriver][39m The following capabilities were provided, but are not recognized by Appium:
[35m[BaseDriver][39m   platform
[35m[BaseDriver][39m   chromedriverPort
[35m[BaseDriver][39m Session created with session id: 06d69853-8eb8-4134-89e2-d96d0dd4bb64
[35m[XCUITest][39m iOS SDK Version set to '14.5'
[35m[iOSSim][39m Constructing iOS simulator for Xcode version 12.5.1 with udid 'B78A79C3-87FF-4780-856F-33BBE8954E1D'
[35m[XCUITest][39m Determining device to run tests on: udid: 'B78A79C3-87FF-4780-856F-33BBE8954E1D', real device: false
[35m[BaseDriver][39m Using local app '/Users/loantran/Documents/mobile-samples-iOS/Apps/iOS/iPhone/DragAndDrop-simulator-iPhone12-ios14.5.app'
[35m[WebDriverAgent][39m Using WDA path: '/Users/loantran/.nvm/versions/node/v14.17.5/lib/node_modules/appium/node_modules/appium-webdriveragent'
[35m[WebDriverAgent][39m Using WDA agent: '/Users/loantran/.nvm/versions/node/v14.17.5/lib/node_modules/appium/node_modules/appium-webdriveragent/WebDriverAgent.xcodeproj'
[35m[XCUITest][39m Setting up simulator
[35m[iOSSim][39m Both Simulator with UDID 'B78A79C3-87FF-4780-856F-33BBE8954E1D' and the UI client are currently running
[35m[DevCon Factory][39m Requesting connection for device B78A79C3-87FF-4780-856F-33BBE8954E1D on local port 52468
[35m[DevCon Factory][39m Successfully requested the connection for B78A79C3-87FF-4780-856F-33BBE8954E1D:52468
[35m[WebDriverAgent][39m Will reuse previously cached WDA instance at 'http://127.0.0.1:52468/' with 'com.facebook.WebDriverAgentRunner'. Set the wdaLocalPort capability to a value different from 52468 if this is an undesired behavior.
[35m[WebDriverAgent][39m Using provided WebdriverAgent at 'http://127.0.0.1:52468/'
[35m[WD Proxy][39m Determined the downstream protocol as 'W3C'
[35m[XCUITest][39m Skipping setting of the initial display orientation. Set the "orientation" capability to either "LANDSCAPE" or "PORTRAIT", if this is an undesired behavior.
[35m[HTTP][39m [37m<-- POST /wd/hub/session/08868851-ca1d-4f63-8818-6571927ac985/appium/app/reset [39m[32m200[39m [90m5363 ms - 14[39m
[35m[HTTP][39m [90m[39m
[35m[HTTP][39m [37m-->[39m [37mPOST[39m [37m/wd/hub/session/08868851-ca1d-4f63-8818-6571927ac985/timeouts[39m
[35m[HTTP][39m [90m{"implicit":50}[39m
[35m[HTTP][39m [37m<-- POST /wd/hub/session/08868851-ca1d-4f63-8818-6571927ac985/timeouts [39m[32m200[39m [90m2 ms - 14[39m
[35m[HTTP][39m [90m[39m
[35m[HTTP][39m [37m-->[39m [37mGET[39m [37m/wd/hub/session/08868851-ca1d-4f63-8818-6571927ac985/window/rect[39m
[35m[HTTP][39m [90m{}[39m
[35m[HTTP][39m [37m<-- GET /wd/hub/session/08868851-ca1d-4f63-8818-6571927ac985/window/rect [39m[32m200[39m [90m90 ms - 48[39m
[35m[HTTP][39m [90m[39m
[35m[HTTP][39m [37m-->[39m [37mPOST[39m [37m/wd/hub/session/08868851-ca1d-4f63-8818-6571927ac985/elements[39m
[35m[HTTP][39m [90m{"using":"xpath","value":"//*[@type = 'XCUIElementTypeStaticText' and @label = 'Add' and @name = 'Add']"}[39m
[35m[HTTP][39m [37m<-- POST /wd/hub/session/08868851-ca1d-4f63-8818-6571927ac985/elements [39m[32m200[39m [90m1064 ms - 267[39m
[35m[HTTP][39m [90m[39m
[35m[HTTP][39m [37m-->[39m [37mGET[39m [37m/wd/hub/session/08868851-ca1d-4f63-8818-6571927ac985/element/28000000-0000-0000-631A-010000000000/location[39m
[35m[HTTP][39m [90m{}[39m
[35m[HTTP][39m [37m<-- GET /wd/hub/session/08868851-ca1d-4f63-8818-6571927ac985/element/28000000-0000-0000-631A-010000000000/location [39m[32m200[39m [90m66 ms - 27[39m
[35m[HTTP][39m [90m[39m
[35m[HTTP][39m [37m-->[39m [37mPOST[39m [37m/wd/hub/session/08868851-ca1d-4f63-8818-6571927ac985/timeouts[39m
[35m[HTTP][39m [90m{"implicit":30000}[39m
[35m[HTTP][39m [37m<-- POST /wd/hub/session/08868851-ca1d-4f63-8818-6571927ac985/timeouts [39m[32m200[39m [90m1 ms - 14[39m
[35m[HTTP][39m [90m[39m
[35m[HTTP][39m [37m-->[39m [37mPOST[39m [37m/wd/hub/session/08868851-ca1d-4f63-8818-6571927ac985/touch/perform[39m
[35m[HTTP][39m [90m{"actions":[{"action":"tap","options":{"x":1,"y":1,"element":"28000000-0000-0000-631A-010000000000"}},{"action":"release","options":{}}]}[39m
[35m[HTTP][39m [37m<-- POST /wd/hub/session/08868851-ca1d-4f63-8818-6571927ac985/touch/perform [39m[32m200[39m [90m236 ms - 14[39m
[35m[HTTP][39m [90m[39m
[35m[HTTP][39m [37m-->[39m [37mPOST[39m [37m/wd/hub/session/08868851-ca1d-4f63-8818-6571927ac985/timeouts[39m
[35m[HTTP][39m [90m{"implicit":50}[39m
[35m[HTTP][39m [37m<-- POST /wd/hub/session/08868851-ca1d-4f63-8818-6571927ac985/timeouts [39m[32m200[39m [90m1 ms - 14[39m
[35m[HTTP][39m [90m[39m
[35m[HTTP][39m [37m-->[39m [37mGET[39m [37m/wd/hub/session/08868851-ca1d-4f63-8818-6571927ac985/window/rect[39m
[35m[HTTP][39m [90m{}[39m
[35m[HTTP][39m [37m<-- GET /wd/hub/session/08868851-ca1d-4f63-8818-6571927ac985/window/rect [39m[32m200[39m [90m374 ms - 48[39m
[35m[HTTP][39m [90m[39m
[35m[HTTP][39m [37m-->[39m [37mPOST[39m [37m/wd/hub/session/08868851-ca1d-4f63-8818-6571927ac985/elements[39m
[35m[HTTP][39m [90m{"using":"xpath","value":"//*[@type = 'XCUIElementTypeTextField']"}[39m
[35m[HTTP][39m [37m<-- POST /wd/hub/session/08868851-ca1d-4f63-8818-6571927ac985/elements [39m[32m200[39m [90m1175 ms - 139[39m
[35m[HTTP][39m [90m[39m
[35m[HTTP][39m [37m-->[39m [37mGET[39m [37m/wd/hub/session/08868851-ca1d-4f63-8818-6571927ac985/element/D9000000-0000-0000-631A-010000000000/location[39m
[35m[HTTP][39m [90m{}[39m
[35m[HTTP][39m [37m<-- GET /wd/hub/session/08868851-ca1d-4f63-8818-6571927ac985/element/D9000000-0000-0000-631A-010000000000/location [39m[32m200[39m [90m99 ms - 26[39m
[35m[HTTP][39m [90m[39m
[35m[HTTP][39m [37m-->[39m [37mPOST[39m [37m/wd/hub/session/08868851-ca1d-4f63-8818-6571927ac985/timeouts[39m
[35m[HTTP][39m [90m{"implicit":30000}[39m
[35m[HTTP][39m [37m<-- POST /wd/hub/session/08868851-ca1d-4f63-8818-6571927ac985/timeouts [39m[32m200[39m [90m1 ms - 14[39m
[35m[HTTP][39m [90m[39m
[35m[HTTP][39m [37m-->[39m [37mPOST[39m [37m/wd/hub/session/08868851-ca1d-4f63-8818-6571927ac985/element/D9000000-0000-0000-631A-010000000000/clear[39m
[35m[HTTP][39m [90m{"id":"D9000000-0000-0000-631A-010000000000"}[39m
[35m[HTTP][39m [37m<-- POST /wd/hub/session/08868851-ca1d-4f63-8818-6571927ac985/element/D9000000-0000-0000-631A-010000000000/clear [39m[32m200[39m [90m122 ms - 14[39m
[35m[HTTP][39m [90m[39m
[35m[HTTP][39m [37m-->[39m [37mPOST[39m [37m/wd/hub/session/08868851-ca1d-4f63-8818-6571927ac985/element/D9000000-0000-0000-631A-010000000000/value[39m
[35m[HTTP][39m [90m{"id":"D9000000-0000-0000-631A-010000000000","text":"Katalon QA Team","value":["K","a","t","a","l","o","n"," ","Q","A"," ","T","e","a","m"]}[39m
[35m[HTTP][39m [37m<-- POST /wd/hub/session/08868851-ca1d-4f63-8818-6571927ac985/element/D9000000-0000-0000-631A-010000000000/value [39m[32m200[39m [90m403 ms - 14[39m
[35m[HTTP][39m [90m[39m
[35m[HTTP][39m [37m-->[39m [37mPOST[39m [37m/wd/hub/session/08868851-ca1d-4f63-8818-6571927ac985/timeouts[39m
[35m[HTTP][39m [90m{"implicit":50}[39m
[35m[HTTP][39m [37m<-- POST /wd/hub/session/08868851-ca1d-4f63-8818-6571927ac985/timeouts [39m[32m200[39m [90m1 ms - 14[39m
[35m[HTTP][39m [90m[39m
[35m[HTTP][39m [37m-->[39m [37mGET[39m [37m/wd/hub/session/08868851-ca1d-4f63-8818-6571927ac985/window/rect[39m
[35m[HTTP][39m [90m{}[39m
[35m[HTTP][39m [37m<-- GET /wd/hub/session/08868851-ca1d-4f63-8818-6571927ac985/window/rect [39m[32m200[39m [90m140 ms - 48[39m
[35m[HTTP][39m [90m[39m
[35m[HTTP][39m [37m-->[39m [37mPOST[39m [37m/wd/hub/session/08868851-ca1d-4f63-8818-6571927ac985/elements[39m
[35m[HTTP][39m [90m{"using":"xpath","value":"//*[@value = 'Katalon QA Team']"}[39m
[35m[HTTP][39m [37m<-- POST /wd/hub/session/08868851-ca1d-4f63-8818-6571927ac985/elements [39m[32m200[39m [90m1807 ms - 139[39m
[35m[HTTP][39m [90m[39m
[35m[HTTP][39m [37m-->[39m [37mGET[39m [37m/wd/hub/session/08868851-ca1d-4f63-8818-6571927ac985/element/D9000000-0000-0000-631A-010000000000/location[39m
[35m[HTTP][39m [90m{}[39m
[35m[HTTP][39m [37m<-- GET /wd/hub/session/08868851-ca1d-4f63-8818-6571927ac985/element/D9000000-0000-0000-631A-010000000000/location [39m[32m200[39m [90m108 ms - 26[39m
[35m[HTTP][39m [90m[39m
[35m[HTTP][39m [37m-->[39m [37mPOST[39m [37m/wd/hub/session/08868851-ca1d-4f63-8818-6571927ac985/timeouts[39m
[35m[HTTP][39m [90m{"implicit":30000}[39m
[35m[HTTP][39m [37m<-- POST /wd/hub/session/08868851-ca1d-4f63-8818-6571927ac985/timeouts [39m[32m200[39m [90m2 ms - 14[39m
[35m[HTTP][39m [90m[39m
[35m[HTTP][39m [37m-->[39m [37mPOST[39m [37m/wd/hub/session/08868851-ca1d-4f63-8818-6571927ac985/appium/app/reset[39m
[35m[HTTP][39m [90m{}[39m
[35m[XCUITest][39m Not scrubbing third party app in anticipation of uninstall
[35m[DevCon Factory][39m Releasing connections for B78A79C3-87FF-4780-856F-33BBE8954E1D device on any port number
[35m[DevCon Factory][39m Found cached connections to release: ["B78A79C3-87FF-4780-856F-33BBE8954E1D:52468"]
[35m[BaseDriver][39m The following capabilities are not standard capabilities and should have an extension prefix:
[35m[BaseDriver][39m   platform
[35m[BaseDriver][39m   realDeviceLogger
[35m[BaseDriver][39m   chromedriverPort
[35m[BaseDriver][39m   app
[35m[BaseDriver][39m   automationName
[35m[BaseDriver][39m   deviceName
[35m[BaseDriver][39m   fullReset
[35m[BaseDriver][39m   newCommandTimeout
[35m[BaseDriver][39m   noReset
[35m[BaseDriver][39m   platformVersion
[35m[BaseDriver][39m   waitForAppScript
[35m[BaseDriver][39m   wdaLocalPort
[35m[BaseDriver][39m The following capabilities were provided, but are not recognized by Appium:
[35m[BaseDriver][39m   platform
[35m[BaseDriver][39m   chromedriverPort
[35m[BaseDriver][39m Session created with session id: 4117826f-5c33-4ae5-9205-f62e19cae685
[35m[XCUITest][39m iOS SDK Version set to '14.5'
[35m[iOSSim][39m Constructing iOS simulator for Xcode version 12.5.1 with udid 'B78A79C3-87FF-4780-856F-33BBE8954E1D'
[35m[XCUITest][39m Determining device to run tests on: udid: 'B78A79C3-87FF-4780-856F-33BBE8954E1D', real device: false
[35m[BaseDriver][39m Using local app '/Users/loantran/Documents/mobile-samples-iOS/Apps/iOS/iPhone/DragAndDrop-simulator-iPhone12-ios14.5.app'
[35m[WebDriverAgent][39m Using WDA path: '/Users/loantran/.nvm/versions/node/v14.17.5/lib/node_modules/appium/node_modules/appium-webdriveragent'
[35m[WebDriverAgent][39m Using WDA agent: '/Users/loantran/.nvm/versions/node/v14.17.5/lib/node_modules/appium/node_modules/appium-webdriveragent/WebDriverAgent.xcodeproj'
[35m[XCUITest][39m Setting up simulator
[35m[iOSSim][39m Both Simulator with UDID 'B78A79C3-87FF-4780-856F-33BBE8954E1D' and the UI client are currently running
[35m[DevCon Factory][39m Requesting connection for device B78A79C3-87FF-4780-856F-33BBE8954E1D on local port 52468
[35m[DevCon Factory][39m Successfully requested the connection for B78A79C3-87FF-4780-856F-33BBE8954E1D:52468
[35m[WebDriverAgent][39m Will reuse previously cached WDA instance at 'http://127.0.0.1:52468/' with 'com.facebook.WebDriverAgentRunner'. Set the wdaLocalPort capability to a value different from 52468 if this is an undesired behavior.
[35m[WebDriverAgent][39m Using provided WebdriverAgent at 'http://127.0.0.1:52468/'
[35m[WD Proxy][39m Determined the downstream protocol as 'W3C'
[35m[XCUITest][39m Skipping setting of the initial display orientation. Set the "orientation" capability to either "LANDSCAPE" or "PORTRAIT", if this is an undesired behavior.
[35m[HTTP][39m [37m<-- POST /wd/hub/session/08868851-ca1d-4f63-8818-6571927ac985/appium/app/reset [39m[32m200[39m [90m5274 ms - 14[39m
[35m[HTTP][39m [90m[39m
[35m[HTTP][39m [37m-->[39m [37mGET[39m [37m/wd/hub/session/08868851-ca1d-4f63-8818-6571927ac985/window/rect[39m
[35m[HTTP][39m [90m{}[39m
[35m[HTTP][39m [37m<-- GET /wd/hub/session/08868851-ca1d-4f63-8818-6571927ac985/window/rect [39m[32m200[39m [90m78 ms - 48[39m
[35m[HTTP][39m [90m[39m
[35m[HTTP][39m [37m-->[39m [37mPOST[39m [37m/wd/hub/session/08868851-ca1d-4f63-8818-6571927ac985/elements[39m
[35m[HTTP][39m [90m{"using":"xpath","value":"//*[@type = 'XCUIElementTypeStaticText' and @label = 'Database Migration' and @name = 'Database Migration']"}[39m
[35m[HTTP][39m [37m<-- POST /wd/hub/session/08868851-ca1d-4f63-8818-6571927ac985/elements [39m[32m200[39m [90m1044 ms - 139[39m
[35m[HTTP][39m [90m[39m
[35m[HTTP][39m [37m-->[39m [37mGET[39m [37m/wd/hub/session/08868851-ca1d-4f63-8818-6571927ac985/element/2B000000-0000-0000-911A-010000000000/location[39m
[35m[HTTP][39m [90m{}[39m
[35m[HTTP][39m [37m<-- GET /wd/hub/session/08868851-ca1d-4f63-8818-6571927ac985/element/2B000000-0000-0000-911A-010000000000/location [39m[32m200[39m [90m47 ms - 26[39m
[35m[HTTP][39m [90m[39m
[35m[HTTP][39m [37m-->[39m [37mGET[39m [37m/wd/hub/session/08868851-ca1d-4f63-8818-6571927ac985/element/2B000000-0000-0000-911A-010000000000/size[39m
[35m[HTTP][39m [90m{}[39m
[35m[HTTP][39m [37m<-- GET /wd/hub/session/08868851-ca1d-4f63-8818-6571927ac985/element/2B000000-0000-0000-911A-010000000000/size [39m[32m200[39m [90m55 ms - 35[39m
[35m[HTTP][39m [90m[39m
[35m[HTTP][39m [37m-->[39m [37mPOST[39m [37m/wd/hub/session/08868851-ca1d-4f63-8818-6571927ac985/appium/app/reset[39m
[35m[HTTP][39m [90m{}[39m
[35m[XCUITest][39m Not scrubbing third party app in anticipation of uninstall
[35m[DevCon Factory][39m Releasing connections for B78A79C3-87FF-4780-856F-33BBE8954E1D device on any port number
[35m[DevCon Factory][39m Found cached connections to release: ["B78A79C3-87FF-4780-856F-33BBE8954E1D:52468"]
[35m[BaseDriver][39m The following capabilities are not standard capabilities and should have an extension prefix:
[35m[BaseDriver][39m   platform
[35m[BaseDriver][39m   realDeviceLogger
[35m[BaseDriver][39m   chromedriverPort
[35m[BaseDriver][39m   app
[35m[BaseDriver][39m   automationName
[35m[BaseDriver][39m   deviceName
[35m[BaseDriver][39m   fullReset
[35m[BaseDriver][39m   newCommandTimeout
[35m[BaseDriver][39m   noReset
[35m[BaseDriver][39m   platformVersion
[35m[BaseDriver][39m   waitForAppScript
[35m[BaseDriver][39m   wdaLocalPort
[35m[BaseDriver][39m The following capabilities were provided, but are not recognized by Appium:
[35m[BaseDriver][39m   platform
[35m[BaseDriver][39m   chromedriverPort
[35m[BaseDriver][39m Session created with session id: 3baa9a5d-4774-490a-a5ca-d0937d424497
[35m[XCUITest][39m iOS SDK Version set to '14.5'
[35m[iOSSim][39m Constructing iOS simulator for Xcode version 12.5.1 with udid 'B78A79C3-87FF-4780-856F-33BBE8954E1D'
[35m[XCUITest][39m Determining device to run tests on: udid: 'B78A79C3-87FF-4780-856F-33BBE8954E1D', real device: false
[35m[BaseDriver][39m Using local app '/Users/loantran/Documents/mobile-samples-iOS/Apps/iOS/iPhone/DragAndDrop-simulator-iPhone12-ios14.5.app'
[35m[WebDriverAgent][39m Using WDA path: '/Users/loantran/.nvm/versions/node/v14.17.5/lib/node_modules/appium/node_modules/appium-webdriveragent'
[35m[WebDriverAgent][39m Using WDA agent: '/Users/loantran/.nvm/versions/node/v14.17.5/lib/node_modules/appium/node_modules/appium-webdriveragent/WebDriverAgent.xcodeproj'
[35m[XCUITest][39m Setting up simulator
[35m[iOSSim][39m Both Simulator with UDID 'B78A79C3-87FF-4780-856F-33BBE8954E1D' and the UI client are currently running
[35m[DevCon Factory][39m Requesting connection for device B78A79C3-87FF-4780-856F-33BBE8954E1D on local port 52468
[35m[DevCon Factory][39m Successfully requested the connection for B78A79C3-87FF-4780-856F-33BBE8954E1D:52468
[35m[WebDriverAgent][39m Will reuse previously cached WDA instance at 'http://127.0.0.1:52468/' with 'com.facebook.WebDriverAgentRunner'. Set the wdaLocalPort capability to a value different from 52468 if this is an undesired behavior.
[35m[WebDriverAgent][39m Using provided WebdriverAgent at 'http://127.0.0.1:52468/'
[35m[WD Proxy][39m Determined the downstream protocol as 'W3C'
[35m[XCUITest][39m Skipping setting of the initial display orientation. Set the "orientation" capability to either "LANDSCAPE" or "PORTRAIT", if this is an undesired behavior.
[35m[HTTP][39m [37m<-- POST /wd/hub/session/08868851-ca1d-4f63-8818-6571927ac985/appium/app/reset [39m[32m200[39m [90m5016 ms - 14[39m
[35m[HTTP][39m [90m[39m
[35m[HTTP][39m [37m-->[39m [37mPOST[39m [37m/wd/hub/session/08868851-ca1d-4f63-8818-6571927ac985/timeouts[39m
[35m[HTTP][39m [90m{"implicit":50}[39m
[35m[HTTP][39m [37m<-- POST /wd/hub/session/08868851-ca1d-4f63-8818-6571927ac985/timeouts [39m[32m200[39m [90m1 ms - 14[39m
[35m[HTTP][39m [90m[39m
[35m[HTTP][39m [37m-->[39m [37mGET[39m [37m/wd/hub/session/08868851-ca1d-4f63-8818-6571927ac985/window/rect[39m
[35m[HTTP][39m [90m{}[39m
[35m[HTTP][39m [37m<-- GET /wd/hub/session/08868851-ca1d-4f63-8818-6571927ac985/window/rect [39m[32m200[39m [90m65 ms - 48[39m
[35m[HTTP][39m [90m[39m
[35m[HTTP][39m [37m-->[39m [37mPOST[39m [37m/wd/hub/session/08868851-ca1d-4f63-8818-6571927ac985/elements[39m
[35m[HTTP][39m [90m{"using":"xpath","value":"//*[@type = 'XCUIElementTypeStaticText' and @label = 'Add' and @name = 'Add']"}[39m
[35m[HTTP][39m [37m<-- POST /wd/hub/session/08868851-ca1d-4f63-8818-6571927ac985/elements [39m[32m200[39m [90m1031 ms - 267[39m
[35m[HTTP][39m [90m[39m
[35m[HTTP][39m [37m-->[39m [37mGET[39m [37m/wd/hub/session/08868851-ca1d-4f63-8818-6571927ac985/element/28000000-0000-0000-C11A-010000000000/location[39m
[35m[HTTP][39m [90m{}[39m
[35m[HTTP][39m [37m<-- GET /wd/hub/session/08868851-ca1d-4f63-8818-6571927ac985/element/28000000-0000-0000-C11A-010000000000/location [39m[32m200[39m [90m59 ms - 27[39m
[35m[HTTP][39m [90m[39m
[35m[HTTP][39m [37m-->[39m [37mPOST[39m [37m/wd/hub/session/08868851-ca1d-4f63-8818-6571927ac985/timeouts[39m
[35m[HTTP][39m [90m{"implicit":30000}[39m
[35m[HTTP][39m [37m<-- POST /wd/hub/session/08868851-ca1d-4f63-8818-6571927ac985/timeouts [39m[32m200[39m [90m2 ms - 14[39m
[35m[HTTP][39m [90m[39m
[35m[HTTP][39m [37m-->[39m [37mGET[39m [37m/wd/hub/session/08868851-ca1d-4f63-8818-6571927ac985/element/28000000-0000-0000-C11A-010000000000/attribute/enabled[39m
[35m[HTTP][39m [90m{}[39m
[35m[HTTP][39m [37m<-- GET /wd/hub/session/08868851-ca1d-4f63-8818-6571927ac985/element/28000000-0000-0000-C11A-010000000000/attribute/enabled [39m[32m200[39m [90m71 ms - 16[39m
[35m[HTTP][39m [90m[39m
[35m[HTTP][39m [37m-->[39m [37mGET[39m [37m/wd/hub/session/08868851-ca1d-4f63-8818-6571927ac985/context[39m
[35m[HTTP][39m [90m{}[39m
[35m[HTTP][39m [37m<-- GET /wd/hub/session/08868851-ca1d-4f63-8818-6571927ac985/context [39m[32m200[39m [90m1 ms - 22[39m
[35m[HTTP][39m [90m[39m
[35m[HTTP][39m [37m-->[39m [37mGET[39m [37m/wd/hub/session/08868851-ca1d-4f63-8818-6571927ac985/contexts[39m
[35m[HTTP][39m [90m{}[39m
[35m[RemoteDebugger][39m Remote Debugger version 8.13.2
[35m[RemoteDebugger][39m Setting communication protocol: using Target-based communication
[35m[HTTP][39m [37m<-- GET /wd/hub/session/08868851-ca1d-4f63-8818-6571927ac985/contexts [39m[32m200[39m [90m77 ms - 24[39m
[35m[HTTP][39m [90m[39m
[35m[HTTP][39m [37m-->[39m [37mPOST[39m [37m/wd/hub/session/08868851-ca1d-4f63-8818-6571927ac985/context[39m
[35m[HTTP][39m [90m{"name":"NATIVE_APP"}[39m
[35m[HTTP][39m [37m<-- POST /wd/hub/session/08868851-ca1d-4f63-8818-6571927ac985/context [39m[32m200[39m [90m2 ms - 14[39m
[35m[HTTP][39m [90m[39m
[35m[HTTP][39m [37m-->[39m [37mGET[39m [37m/wd/hub/session/08868851-ca1d-4f63-8818-6571927ac985/screenshot[39m
[35m[HTTP][39m [90m{}[39m
[35m[HTTP][39m [37m<-- GET /wd/hub/session/08868851-ca1d-4f63-8818-6571927ac985/screenshot [39m[32m200[39m [90m147 ms - 422128[39m
[35m[HTTP][39m [90m[39m
[35m[HTTP][39m [37m-->[39m [37mPOST[39m [37m/wd/hub/session/08868851-ca1d-4f63-8818-6571927ac985/context[39m
[35m[HTTP][39m [90m{"name":"NATIVE_APP"}[39m
[35m[HTTP][39m [37m<-- POST /wd/hub/session/08868851-ca1d-4f63-8818-6571927ac985/context [39m[32m200[39m [90m1 ms - 14[39m
[35m[HTTP][39m [90m[39m
[35m[HTTP][39m [37m-->[39m [37mGET[39m [37m/wd/hub/session/08868851-ca1d-4f63-8818-6571927ac985/context[39m
[35m[HTTP][39m [90m{}[39m
[35m[HTTP][39m [37m<-- GET /wd/hub/session/08868851-ca1d-4f63-8818-6571927ac985/context [39m[32m200[39m [90m2 ms - 22[39m
[35m[HTTP][39m [90m[39m
[35m[HTTP][39m [37m-->[39m [37mGET[39m [37m/wd/hub/session/08868851-ca1d-4f63-8818-6571927ac985/contexts[39m
[35m[HTTP][39m [90m{}[39m
[35m[HTTP][39m [37m<-- GET /wd/hub/session/08868851-ca1d-4f63-8818-6571927ac985/contexts [39m[32m200[39m [90m3 ms - 24[39m
[35m[HTTP][39m [90m[39m
[35m[HTTP][39m [37m-->[39m [37mPOST[39m [37m/wd/hub/session/08868851-ca1d-4f63-8818-6571927ac985/context[39m
[35m[HTTP][39m [90m{"name":"NATIVE_APP"}[39m
[35m[HTTP][39m [37m<-- POST /wd/hub/session/08868851-ca1d-4f63-8818-6571927ac985/context [39m[32m200[39m [90m2 ms - 14[39m
[35m[HTTP][39m [90m[39m
[35m[HTTP][39m [37m-->[39m [37mGET[39m [37m/wd/hub/session/08868851-ca1d-4f63-8818-6571927ac985/screenshot[39m
[35m[HTTP][39m [90m{}[39m
[35m[HTTP][39m [37m<-- GET /wd/hub/session/08868851-ca1d-4f63-8818-6571927ac985/screenshot [39m[32m200[39m [90m147 ms - 422128[39m
[35m[HTTP][39m [90m[39m
[35m[HTTP][39m [37m-->[39m [37mPOST[39m [37m/wd/hub/session/08868851-ca1d-4f63-8818-6571927ac985/context[39m
[35m[HTTP][39m [90m{"name":"NATIVE_APP"}[39m
[35m[HTTP][39m [37m<-- POST /wd/hub/session/08868851-ca1d-4f63-8818-6571927ac985/context [39m[32m200[39m [90m2 ms - 14[39m
[35m[HTTP][39m [90m[39m
[35m[HTTP][39m [37m-->[39m [37mPOST[39m [37m/wd/hub/session/08868851-ca1d-4f63-8818-6571927ac985/timeouts[39m
[35m[HTTP][39m [90m{"implicit":50}[39m
[35m[HTTP][39m [37m<-- POST /wd/hub/session/08868851-ca1d-4f63-8818-6571927ac985/timeouts [39m[32m200[39m [90m1 ms - 14[39m
[35m[HTTP][39m [90m[39m
[35m[HTTP][39m [37m-->[39m [37mGET[39m [37m/wd/hub/session/08868851-ca1d-4f63-8818-6571927ac985/window/rect[39m
[35m[HTTP][39m [90m{}[39m
[35m[HTTP][39m [37m<-- GET /wd/hub/session/08868851-ca1d-4f63-8818-6571927ac985/window/rect [39m[32m200[39m [90m76 ms - 48[39m
[35m[HTTP][39m [90m[39m
[35m[HTTP][39m [37m-->[39m [37mPOST[39m [37m/wd/hub/session/08868851-ca1d-4f63-8818-6571927ac985/elements[39m
[35m[HTTP][39m [90m{"using":"xpath","value":"//*[@type = 'XCUIElementTypeStaticText' and @label = 'Add' and @name = 'Add']"}[39m
[35m[HTTP][39m [37m<-- POST /wd/hub/session/08868851-ca1d-4f63-8818-6571927ac985/elements [39m[32m200[39m [90m1034 ms - 267[39m
[35m[HTTP][39m [90m[39m
[35m[HTTP][39m [37m-->[39m [37mGET[39m [37m/wd/hub/session/08868851-ca1d-4f63-8818-6571927ac985/element/28000000-0000-0000-C11A-010000000000/location[39m
[35m[HTTP][39m [90m{}[39m
[35m[HTTP][39m [37m<-- GET /wd/hub/session/08868851-ca1d-4f63-8818-6571927ac985/element/28000000-0000-0000-C11A-010000000000/location [39m[32m200[39m [90m52 ms - 27[39m
[35m[HTTP][39m [90m[39m
[35m[HTTP][39m [37m-->[39m [37mPOST[39m [37m/wd/hub/session/08868851-ca1d-4f63-8818-6571927ac985/timeouts[39m
[35m[HTTP][39m [90m{"implicit":30000}[39m
[35m[HTTP][39m [37m<-- POST /wd/hub/session/08868851-ca1d-4f63-8818-6571927ac985/timeouts [39m[32m200[39m [90m1 ms - 14[39m
[35m[HTTP][39m [90m[39m
[35m[HTTP][39m [37m-->[39m [37mGET[39m [37m/wd/hub/session/08868851-ca1d-4f63-8818-6571927ac985/element/28000000-0000-0000-C11A-010000000000/attribute/package[39m
[35m[HTTP][39m [90m{}[39m
[35m[WD Proxy][39m Got response with status 500: {"value":{"error":"unknown error","message":"The attribute 'package' is unknown. Valid attribute names are: (\n    UID,\n    accessibilityContainer,\n    accessible,\n    enabled,\n    frame,\n    index,\n    label,\n    name,\n    rect,\n    selected,\n    type,\n    value,\n    visible,\n    wdAccessibilityContainer,\n    wdAccessible,\n    wdEnabled,\n    wdFrame,\n    wdIndex,\n    wdLabel,\n    wdName,\n    wdRect,\n    wdSelected,\n    wdType,\n    wdUID,\n    wdValue,\n    wdVisible\n)","traceback":"(\n\t0   CoreFoundation                      0x00007fff20422fba __exceptionPreprocess + 242\n\t1   libobjc.A.dylib                     0x00007fff20193ff5 objc_exception_throw + 48\n\t2   WebDriverAgentLib                   0x0000000102186084 +[FBElementUtils wdAttributeNameForAttributeName:] + 596\n\t3   WebDriverAgentLib                   0x0000000102214031 +[FBElementCommands handleGetAttribute:] + 257\n\t4   WebDriverAgentLib                   0x0000000102197566 -[FBRoute_TargetAction mountRequest:int...
[35m[HTTP][39m [37m<-- GET /wd/hub/session/08868851-ca1d-4f63-8818-6571927ac985/element/28000000-0000-0000-C11A-010000000000/attribute/package [39m[31m500[39m [90m60 ms - 2279[39m
[35m[HTTP][39m [90m[39m
[35m[HTTP][39m [37m-->[39m [37mGET[39m [37m/wd/hub/session/08868851-ca1d-4f63-8818-6571927ac985/context[39m
[35m[HTTP][39m [90m{}[39m
[35m[HTTP][39m [37m<-- GET /wd/hub/session/08868851-ca1d-4f63-8818-6571927ac985/context [39m[32m200[39m [90m1 ms - 22[39m
[35m[HTTP][39m [90m[39m
[35m[HTTP][39m [37m-->[39m [37mGET[39m [37m/wd/hub/session/08868851-ca1d-4f63-8818-6571927ac985/contexts[39m
[35m[HTTP][39m [90m{}[39m
[35m[HTTP][39m [37m<-- GET /wd/hub/session/08868851-ca1d-4f63-8818-6571927ac985/contexts [39m[32m200[39m [90m2 ms - 24[39m
[35m[HTTP][39m [90m[39m
[35m[HTTP][39m [37m-->[39m [37mPOST[39m [37m/wd/hub/session/08868851-ca1d-4f63-8818-6571927ac985/context[39m
[35m[HTTP][39m [90m{"name":"NATIVE_APP"}[39m
[35m[HTTP][39m [37m<-- POST /wd/hub/session/08868851-ca1d-4f63-8818-6571927ac985/context [39m[32m200[39m [90m1 ms - 14[39m
[35m[HTTP][39m [90m[39m
[35m[HTTP][39m [37m-->[39m [37mGET[39m [37m/wd/hub/session/08868851-ca1d-4f63-8818-6571927ac985/screenshot[39m
[35m[HTTP][39m [90m{}[39m
[35m[HTTP][39m [37m<-- GET /wd/hub/session/08868851-ca1d-4f63-8818-6571927ac985/screenshot [39m[32m200[39m [90m142 ms - 422128[39m
[35m[HTTP][39m [90m[39m
[35m[HTTP][39m [37m-->[39m [37mPOST[39m [37m/wd/hub/session/08868851-ca1d-4f63-8818-6571927ac985/context[39m
[35m[HTTP][39m [90m{"name":"NATIVE_APP"}[39m
[35m[HTTP][39m [37m<-- POST /wd/hub/session/08868851-ca1d-4f63-8818-6571927ac985/context [39m[32m200[39m [90m1 ms - 14[39m
[35m[HTTP][39m [90m[39m
[35m[HTTP][39m [37m-->[39m [37mPOST[39m [37m/wd/hub/session/08868851-ca1d-4f63-8818-6571927ac985/appium/app/reset[39m
[35m[HTTP][39m [90m{}[39m
[35m[XCUITest][39m Not scrubbing third party app in anticipation of uninstall
[35m[DevCon Factory][39m Releasing connections for B78A79C3-87FF-4780-856F-33BBE8954E1D device on any port number
[35m[DevCon Factory][39m Found cached connections to release: ["B78A79C3-87FF-4780-856F-33BBE8954E1D:52468"]
[35m[BaseDriver][39m The following capabilities are not standard capabilities and should have an extension prefix:
[35m[BaseDriver][39m   platform
[35m[BaseDriver][39m   realDeviceLogger
[35m[BaseDriver][39m   chromedriverPort
[35m[BaseDriver][39m   app
[35m[BaseDriver][39m   automationName
[35m[BaseDriver][39m   deviceName
[35m[BaseDriver][39m   fullReset
[35m[BaseDriver][39m   newCommandTimeout
[35m[BaseDriver][39m   noReset
[35m[BaseDriver][39m   platformVersion
[35m[BaseDriver][39m   waitForAppScript
[35m[BaseDriver][39m   wdaLocalPort
[35m[BaseDriver][39m The following capabilities were provided, but are not recognized by Appium:
[35m[BaseDriver][39m   platform
[35m[BaseDriver][39m   chromedriverPort
[35m[BaseDriver][39m Session created with session id: 8b98666c-59b2-404f-aed9-13585e4ae2b0
[35m[XCUITest][39m iOS SDK Version set to '14.5'
[35m[iOSSim][39m Constructing iOS simulator for Xcode version 12.5.1 with udid 'B78A79C3-87FF-4780-856F-33BBE8954E1D'
[35m[XCUITest][39m Determining device to run tests on: udid: 'B78A79C3-87FF-4780-856F-33BBE8954E1D', real device: false
[35m[BaseDriver][39m Using local app '/Users/loantran/Documents/mobile-samples-iOS/Apps/iOS/iPhone/DragAndDrop-simulator-iPhone12-ios14.5.app'
[35m[WebDriverAgent][39m Using WDA path: '/Users/loantran/.nvm/versions/node/v14.17.5/lib/node_modules/appium/node_modules/appium-webdriveragent'
[35m[WebDriverAgent][39m Using WDA agent: '/Users/loantran/.nvm/versions/node/v14.17.5/lib/node_modules/appium/node_modules/appium-webdriveragent/WebDriverAgent.xcodeproj'
[35m[XCUITest][39m Setting up simulator
[35m[iOSSim][39m Both Simulator with UDID 'B78A79C3-87FF-4780-856F-33BBE8954E1D' and the UI client are currently running
[35m[DevCon Factory][39m Requesting connection for device B78A79C3-87FF-4780-856F-33BBE8954E1D on local port 52468
[35m[DevCon Factory][39m Successfully requested the connection for B78A79C3-87FF-4780-856F-33BBE8954E1D:52468
[35m[WebDriverAgent][39m Will reuse previously cached WDA instance at 'http://127.0.0.1:52468/' with 'com.facebook.WebDriverAgentRunner'. Set the wdaLocalPort capability to a value different from 52468 if this is an undesired behavior.
[35m[WebDriverAgent][39m Using provided WebdriverAgent at 'http://127.0.0.1:52468/'
[35m[WD Proxy][39m Determined the downstream protocol as 'W3C'
[35m[XCUITest][39m Skipping setting of the initial display orientation. Set the "orientation" capability to either "LANDSCAPE" or "PORTRAIT", if this is an undesired behavior.
[35m[HTTP][39m [37m<-- POST /wd/hub/session/08868851-ca1d-4f63-8818-6571927ac985/appium/app/reset [39m[32m200[39m [90m5010 ms - 14[39m
[35m[HTTP][39m [90m[39m
[35m[HTTP][39m [37m-->[39m [37mDELETE[39m [37m/wd/hub/session/08868851-ca1d-4f63-8818-6571927ac985[39m
[35m[HTTP][39m [90m{}[39m
[35m[Appium][39m Removing session 08868851-ca1d-4f63-8818-6571927ac985 from our master session list
[35m[DevCon Factory][39m Releasing connections for B78A79C3-87FF-4780-856F-33BBE8954E1D device on any port number
[35m[DevCon Factory][39m Found cached connections to release: ["B78A79C3-87FF-4780-856F-33BBE8954E1D:52468"]
[35m[HTTP][39m [37m<-- DELETE /wd/hub/session/08868851-ca1d-4f63-8818-6571927ac985 [39m[32m200[39m [90m1037 ms - 14[39m
[35m[HTTP][39m [90m[39m
